{"name": " -- @1.4 ", "status": "broken", "statusDetails": {"message": "selenium.common.exceptions.NoSuchElementException: Message: no such element: Unable to locate element: {\"method\":\"xpath\",\"selector\":\"(//div[.=\"+ Add new address\"])[1]\"}\n  (Session info: chrome=107.0.5304.88)\n\n", "trace": "  File \"C:\\Users\\Anu\\AppData\\Local\\Programs\\Python\\Python310\\lib\\site-packages\\behave\\model.py\", line 1329, in run\n    match.run(runner.context)\n  File \"C:\\Users\\Anu\\AppData\\Local\\Programs\\Python\\Python310\\lib\\site-packages\\behave\\matchers.py\", line 98, in run\n    self.func(context, *args, **kwargs)\n  File \"features\\steps\\health_step.py\", line 95, in click_add_address\n    context.driver.find_element(\"xpath\", '(//div[.=\"+ Add new address\"])[1]').click()\n  File \"C:\\Users\\Anu\\AppData\\Local\\Programs\\Python\\Python310\\lib\\site-packages\\selenium\\webdriver\\remote\\webdriver.py\", line 976, in find_element\n    return self.execute(Command.FIND_ELEMENT, {\n  File \"C:\\Users\\Anu\\AppData\\Local\\Programs\\Python\\Python310\\lib\\site-packages\\selenium\\webdriver\\remote\\webdriver.py\", line 321, in execute\n    self.error_handler.check_response(response)\n  File \"C:\\Users\\Anu\\AppData\\Local\\Programs\\Python\\Python310\\lib\\site-packages\\selenium\\webdriver\\remote\\errorhandler.py\", line 242, in check_response\n    raise exception_class(message, screen, stacktrace)\n"}, "steps": [{"name": "Given user is able to launch browser", "status": "passed", "start": 1667450150458, "stop": 1667450182846}, {"name": "When user is able to click on the labtest module", "status": "passed", "start": 1667450182846, "stop": 1667450213438}, {"name": "Then user is able to click on the healthpackage module", "status": "passed", "start": 1667450213439, "stop": 1667450213940}, {"name": "And user is able to select one package", "status": "passed", "start": 1667450213940, "stop": 1667450227426}, {"name": "Then user is able to select one patient", "status": "passed", "start": 1667450227426, "stop": 1667450227675}, {"name": "And user is able to click on add patient details", "status": "passed", "start": 1667450227675, "stop": 1667450243214}, {"name": "Then user is able to enter phonenumber \"9113676419\"", "status": "passed", "start": 1667450243214, "stop": 1667450243600}, {"name": "And user is able to click on continue", "status": "passed", "start": 1667450243600, "stop": 1667450263727}, {"name": "And user is able to click on cont", "status": "passed", "start": 1667450263727, "stop": 1667450283858}, {"name": "Then user is able to click on add patient button", "status": "passed", "start": 1667450283859, "stop": 1667450284280}, {"name": "Then user is able to click on plus icon", "status": "passed", "start": 1667450284280, "stop": 1667450285837}, {"name": "And user is able to enter patient name \"bharat\"", "status": "passed", "start": 1667450285837, "stop": 1667450286078}, {"name": "And user is able to enter age \"-5\"", "status": "passed", "start": 1667450286078, "stop": 1667450286288}, {"name": "Then user is able to select radio button", "status": "passed", "start": 1667450286289, "stop": 1667450286360}, {"name": "Then user is able to click on submit", "status": "passed", "start": 1667450286360, "stop": 1667450286470}, {"name": "And user is able to click on add new address", "status": "broken", "statusDetails": {"message": "selenium.common.exceptions.NoSuchElementException: Message: no such element: Unable to locate element: {\"method\":\"xpath\",\"selector\":\"(//div[.=\"+ Add new address\"])[1]\"}\n  (Session info: chrome=107.0.5304.88)\n\n", "trace": "  File \"C:\\Users\\Anu\\AppData\\Local\\Programs\\Python\\Python310\\lib\\site-packages\\behave\\model.py\", line 1329, in run\n    match.run(runner.context)\n  File \"C:\\Users\\Anu\\AppData\\Local\\Programs\\Python\\Python310\\lib\\site-packages\\behave\\matchers.py\", line 98, in run\n    self.func(context, *args, **kwargs)\n  File \"features\\steps\\health_step.py\", line 95, in click_add_address\n    context.driver.find_element(\"xpath\", '(//div[.=\"+ Add new address\"])[1]').click()\n  File \"C:\\Users\\Anu\\AppData\\Local\\Programs\\Python\\Python310\\lib\\site-packages\\selenium\\webdriver\\remote\\webdriver.py\", line 976, in find_element\n    return self.execute(Command.FIND_ELEMENT, {\n  File \"C:\\Users\\Anu\\AppData\\Local\\Programs\\Python\\Python310\\lib\\site-packages\\selenium\\webdriver\\remote\\webdriver.py\", line 321, in execute\n    self.error_handler.check_response(response)\n  File \"C:\\Users\\Anu\\AppData\\Local\\Programs\\Python\\Python310\\lib\\site-packages\\selenium\\webdriver\\remote\\errorhandler.py\", line 242, in check_response\n    raise exception_class(message, screen, stacktrace)\n"}, "start": 1667450286470, "stop": 1667450307140}, {"name": "And user is able to enter contact name \"sri\"", "status": "skipped", "start": 1667450307140, "stop": 1667450307140}, {"name": "Then user is able to enter pincode \"572222\"", "status": "skipped", "start": 1667450307156, "stop": 1667450307156}, {"name": "Then user is able to enter flatnumber \"65\"", "status": "skipped", "start": 1667450307156, "stop": 1667450307156}, {"name": "And user is able to enter street name \"mtroad\"", "status": "skipped", "start": 1667450307156, "stop": 1667450307156}, {"name": "And user is able to select home", "status": "skipped", "start": 1667450307156, "stop": 1667450307156}, {"name": "Then user is able to click on save address", "status": "skipped", "start": 1667450307156, "stop": 1667450307156}, {"name": "Then user is able to click on slot selection continue", "status": "skipped", "start": 1667450307156, "stop": 1667450307156}, {"name": "And user is able to click on paycash button", "status": "skipped", "start": 1667450307156, "stop": 1667450307156}], "parameters": [{"name": "number", "value": "9113676419"}, {}, {"name": "pname", "value": "bharat"}, {}, {"name": "age", "value": "-5"}, {}, {"name": "cname", "value": "sri"}, {}, {"name": "pcode", "value": "572222"}, {}, {"name": "flatno", "value": "65"}, {}, {"name": "sname", "value": "mtroad"}], "start": 1667450150454, "stop": 1667450307156, "uuid": "19390740-122e-4172-9438-3ca6010c2f40", "historyId": "bc09c9f42ffbee97812e7fa30f991f7f", "fullName": "HealthPackage: ", "labels": [{"name": "severity", "value": "normal"}, {"name": "feature", "value": "HealthPackage"}, {"name": "framework", "value": "behave"}, {"name": "language", "value": "cpython3"}]}